{"D:\\_KursFSD-GoIT\\GitHub\\webservice-jest-testing\\app.js": {"path":"D:\\_KursFSD-GoIT\\GitHub\\webservice-jest-testing\\app.js","statementMap":{"0":{"start":{"line":1,"column":16},"end":{"line":1,"column":34}},"1":{"start":{"line":2,"column":15},"end":{"line":2,"column":32}},"2":{"start":{"line":4,"column":16},"end":{"line":4,"column":59}},"3":{"start":{"line":5,"column":17},"end":{"line":5,"column":61}},"4":{"start":{"line":7,"column":12},"end":{"line":7,"column":21}},"5":{"start":{"line":9,"column":0},"end":{"line":9,"column":25}},"6":{"start":{"line":11,"column":0},"end":{"line":11,"column":28}},"7":{"start":{"line":12,"column":0},"end":{"line":12,"column":31}},"8":{"start":{"line":17,"column":0},"end":{"line":17,"column":21}}},"fnMap":{},"branchMap":{},"s":{"0":1,"1":1,"2":1,"3":1,"4":1,"5":1,"6":1,"7":1,"8":1},"f":{},"b":{},"_coverageSchema":"1a1c01bbd47fc00a2c39e90264f33305004495a9","hash":"c70a4003ea3d597387d4609b2dd1d3d59d881278"}
,"D:\\_KursFSD-GoIT\\GitHub\\webservice-jest-testing\\webservice\\controllers\\getUser.js": {"path":"D:\\_KursFSD-GoIT\\GitHub\\webservice-jest-testing\\webservice\\controllers\\getUser.js","statementMap":{"0":{"start":{"line":1,"column":14},"end":{"line":1,"column":42}},"1":{"start":{"line":3,"column":16},"end":{"line":21,"column":1}},"2":{"start":{"line":4,"column":13},"end":{"line":4,"column":34}},"3":{"start":{"line":5,"column":15},"end":{"line":5,"column":51}},"4":{"start":{"line":5,"column":36},"end":{"line":5,"column":50}},"5":{"start":{"line":7,"column":2},"end":{"line":14,"column":3}},"6":{"start":{"line":8,"column":4},"end":{"line":13,"column":7}},"7":{"start":{"line":15,"column":2},"end":{"line":20,"column":5}},"8":{"start":{"line":23,"column":0},"end":{"line":23,"column":25}}},"fnMap":{"0":{"name":"(anonymous_0)","decl":{"start":{"line":3,"column":16},"end":{"line":3,"column":17}},"loc":{"start":{"line":3,"column":30},"end":{"line":21,"column":1}},"line":3},"1":{"name":"(anonymous_1)","decl":{"start":{"line":5,"column":26},"end":{"line":5,"column":27}},"loc":{"start":{"line":5,"column":36},"end":{"line":5,"column":50}},"line":5}},"branchMap":{"0":{"loc":{"start":{"line":7,"column":2},"end":{"line":14,"column":3}},"type":"if","locations":[{"start":{"line":7,"column":2},"end":{"line":14,"column":3}},{"start":{},"end":{}}],"line":7}},"s":{"0":1,"1":1,"2":2,"3":2,"4":3,"5":2,"6":1,"7":1,"8":1},"f":{"0":2,"1":3},"b":{"0":[1,1]},"_coverageSchema":"1a1c01bbd47fc00a2c39e90264f33305004495a9","hash":"af2e7f538f43efa377ce8c1d74902fc3505d091e"}
,"D:\\_KursFSD-GoIT\\GitHub\\webservice-jest-testing\\webservice\\controllers\\getUsers.js": {"path":"D:\\_KursFSD-GoIT\\GitHub\\webservice-jest-testing\\webservice\\controllers\\getUsers.js","statementMap":{"0":{"start":{"line":1,"column":14},"end":{"line":1,"column":42}},"1":{"start":{"line":3,"column":17},"end":{"line":9,"column":1}},"2":{"start":{"line":4,"column":2},"end":{"line":8,"column":5}},"3":{"start":{"line":11,"column":0},"end":{"line":11,"column":26}}},"fnMap":{"0":{"name":"(anonymous_0)","decl":{"start":{"line":3,"column":17},"end":{"line":3,"column":18}},"loc":{"start":{"line":3,"column":29},"end":{"line":9,"column":1}},"line":3}},"branchMap":{},"s":{"0":1,"1":1,"2":1,"3":1},"f":{"0":1},"b":{},"_coverageSchema":"1a1c01bbd47fc00a2c39e90264f33305004495a9","hash":"d176ddc0f7f73d665fbd6f28ec8fdb11a6a5ecf6"}
,"D:\\_KursFSD-GoIT\\GitHub\\webservice-jest-testing\\webservice\\models\\users.js": {"path":"D:\\_KursFSD-GoIT\\GitHub\\webservice-jest-testing\\webservice\\models\\users.js","statementMap":{"0":{"start":{"line":1,"column":14},"end":{"line":4,"column":1}},"1":{"start":{"line":6,"column":0},"end":{"line":6,"column":23}}},"fnMap":{},"branchMap":{},"s":{"0":1,"1":1},"f":{},"b":{},"_coverageSchema":"1a1c01bbd47fc00a2c39e90264f33305004495a9","hash":"33de118e12b612c73ff1fe54ea1f5d609f995a3e"}
}
